Namespace(batch_size=8, debug=False, evnt_align=False, jump_type='read', niters=3000, nsave=50, paramr='params.pth', paramw='params.pth', restart=False, seed0=True)
iter: 0, current loss:  4457.9546
iter: 1, current loss:  6788.4453
iter: 2, current loss: 14988.0244
iter: 3, current loss: 10640.4980
iter: 4, current loss:  5230.1841
iter: 5, current loss:  5605.7314
iter: 6, current loss:  9633.8535
iter: 7, current loss:  2438.5889
iter: 8, current loss:  4630.9160
iter: 9, current loss:  2503.8198
iter: 10, current loss:  1523.9655
iter: 11, current loss:  1426.7354
iter: 12, current loss: -1176.3242
iter: 13, current loss:   913.8799
iter: 14, current loss:   -63.7552
iter: 15, current loss:   746.5817
iter: 16, current loss:  -311.0325
iter: 17, current loss: -5243.5508
iter: 18, current loss:   261.2468
iter: 19, current loss: -2295.0166
iter: 20, current loss: -4234.3652
iter: 21, current loss:  -470.8637
iter: 22, current loss: -5541.2070
iter: 23, current loss: -8669.1455
iter: 24, current loss:   231.6744
iter: 25, current loss: -14008.3027
iter: 26, current loss: -13224.5840
iter: 27, current loss: -21263.8672
iter: 28, current loss:   379.2105
iter: 29, current loss: -4507.1782
iter: 30, current loss: -18956.7500
iter: 31, current loss: -5625.5322
iter: 32, current loss: -19719.5312
iter: 33, current loss: -10962.8223
iter: 34, current loss: -34970.5781
iter: 35, current loss: -6050.9614
iter: 36, current loss: -15969.3701
iter: 37, current loss: -8069.0288
iter: 38, current loss: -2923.5596
iter: 39, current loss: -4757.1450
iter: 40, current loss: -21723.3594
iter: 41, current loss: -25047.3164
iter: 42, current loss: -2411.9177
iter: 43, current loss: -17168.1797
iter: 44, current loss: -6221.5522
iter: 45, current loss: -17577.3613
iter: 46, current loss: -14605.1504
iter: 47, current loss: -7088.7866
iter: 48, current loss: -21810.6426
iter: 49, current loss: -12224.9678
iter: 50, validation loss: -7965.0537, type error: tensor([0.1169])
iter: 50, current loss: -21826.8223
iter: 51, current loss: -24099.4648
iter: 52, current loss: -7967.8989
iter: 53, current loss: -25493.7305
iter: 54, current loss: -3787.6992
iter: 55, current loss: -3102.6887
iter: 56, current loss: -8467.2637
iter: 57, current loss: -41659.8789
iter: 58, current loss: -4431.8760
iter: 59, current loss: -44920.5781
iter: 60, current loss: -41619.0898
iter: 61, current loss: -84677.0469
iter: 62, current loss: -53716.8242
iter: 63, current loss: -45159.8594
iter: 64, current loss: -53369.5156
iter: 65, current loss: -49573.6172
iter: 66, current loss: -42646.7812
iter: 67, current loss: -21229.0605
iter: 68, current loss: -26532.7871
iter: 69, current loss: -74295.4297
iter: 70, current loss: -64299.6055
iter: 71, current loss: -1118.2444
iter: 72, current loss: -59228.4023
iter: 73, current loss: -47979.1953
iter: 74, current loss: -35805.4453
iter: 75, current loss: -49567.1758
iter: 76, current loss: -41978.1172
iter: 77, current loss: -18785.0273
iter: 78, current loss: -35108.1406
iter: 79, current loss: -14056.0176
iter: 80, current loss: -26606.1582
iter: 81, current loss: -32424.8008
iter: 82, current loss: -84233.9844
iter: 83, current loss: -47616.8594
iter: 84, current loss: -28220.7070
iter: 85, current loss: -39339.2148
iter: 86, current loss: -54999.4219
iter: 87, current loss: -25007.2266
iter: 88, current loss: -14252.5605
iter: 89, current loss: -88882.8438
iter: 90, current loss: -22210.8945
iter: 91, current loss: -35714.8633
iter: 92, current loss: -98694.7422
iter: 93, current loss: -52316.6172
iter: 94, current loss: -12750.5840
iter: 95, current loss: -57574.7852
iter: 96, current loss: -67259.8594
iter: 97, current loss: -54424.9141
iter: 98, current loss: -82944.5000
iter: 99, current loss: -22076.5957
iter: 100, validation loss: -16787.0898, type error: tensor([0.1274])
iter: 100, current loss: -47084.7812
iter: 101, current loss: -22985.7773
iter: 102, current loss: -39824.7812
iter: 103, current loss: -7177.9863
iter: 104, current loss: -29776.3242
iter: 105, current loss: -55228.0000
iter: 106, current loss: -73173.4922
iter: 107, current loss: -24334.9414
iter: 108, current loss: -25062.2188
iter: 109, current loss: -8200.8691
iter: 110, current loss: -84957.1328
iter: 111, current loss: -36384.9375
iter: 112, current loss: -12818.1670
iter: 113, current loss: -15375.3604
iter: 114, current loss: -28381.0469
iter: 115, current loss: -164866.6719
iter: 116, current loss: -45015.1406
iter: 117, current loss: -75011.2031
iter: 118, current loss: -40019.0117
iter: 119, current loss: -20357.3672
iter: 120, current loss: -43606.6719
iter: 121, current loss: -45168.6445
iter: 122, current loss: -108936.2500
iter: 123, current loss: -66414.7109
iter: 124, current loss: -101749.1406
iter: 125, current loss: -120877.5156
iter: 126, current loss: -172279.8438
iter: 127, current loss: -20033.2617
iter: 128, current loss: -126132.1484
iter: 129, current loss: -80971.0391
iter: 130, current loss: -13809.7529
iter: 131, current loss: -104663.3203
iter: 132, current loss: -53674.9531
iter: 133, current loss: -113636.7031
iter: 134, current loss: -20620.5117
iter: 135, current loss: -21447.9824
iter: 136, current loss: -141422.7656
iter: 137, current loss: -31007.9551
iter: 138, current loss: -40186.6562
iter: 139, current loss: -31416.3086
iter: 140, current loss: -91289.9609
iter: 141, current loss: -44487.1602
iter: 142, current loss: -27644.5508
iter: 143, current loss: -68524.6094
iter: 144, current loss: -86553.8125
iter: 145, current loss: -10885.6123
iter: 146, current loss: -58080.4961
iter: 147, current loss: -51460.0508
iter: 148, current loss: -85176.6719
iter: 149, current loss: -120779.6875
iter: 150, validation loss: -22358.2285, type error: tensor([0.1167])
iter: 150, current loss: -55665.4453
iter: 151, current loss: -6826.3657
iter: 152, current loss: -42823.9883
iter: 153, current loss: -134101.6875
iter: 154, current loss: -44390.8555
iter: 155, current loss: -74754.2422
iter: 156, current loss: -74163.3359
iter: 157, current loss: -138646.4531
iter: 158, current loss: -66877.3281
iter: 159, current loss: -34993.6133
iter: 160, current loss: -73146.6719
iter: 161, current loss: -89517.8906
iter: 162, current loss: -94689.2500
iter: 163, current loss: -26940.4980
iter: 164, current loss: -343302.5625
iter: 165, current loss: -21166.4316
iter: 166, current loss: -5077.9502
iter: 167, current loss: -174422.2031
iter: 168, current loss: -69873.3125
iter: 169, current loss: -28824.1309
iter: 170, current loss: -122056.6641
iter: 171, current loss: -93046.3203
iter: 172, current loss: -56287.2227
iter: 173, current loss: -10513.1572
iter: 174, current loss: -3403.1345
iter: 175, current loss: -77777.3047
iter: 176, current loss: -43878.2891
iter: 177, current loss: -97141.4844
iter: 178, current loss: -52604.0078
iter: 179, current loss: -69752.6641
iter: 180, current loss: -35543.3125
iter: 181, current loss: -93119.3281
iter: 182, current loss: -175137.2969
iter: 183, current loss: -83661.7500
iter: 184, current loss: -11741.5352
iter: 185, current loss: -97692.1875
iter: 186, current loss: -69644.2188
iter: 187, current loss: -23361.6562
iter: 188, current loss: -141227.8750
iter: 189, current loss: -13806.4658
iter: 190, current loss: -26259.3535
iter: 191, current loss: -41485.7930
iter: 192, current loss: -2707.1270
iter: 193, current loss: -28947.6836
iter: 194, current loss: -278198.0625
iter: 195, current loss: -55460.9531
iter: 196, current loss: -93842.1641
iter: 197, current loss: -82194.5000
iter: 198, current loss: -84788.0156
iter: 199, current loss: -141623.8438
iter: 200, validation loss: -24622.4043, type error: tensor([0.1107])
iter: 200, current loss: -2256.1946
iter: 201, current loss: -105177.3203
iter: 202, current loss: -88914.5078
iter: 203, current loss: -157693.9219
iter: 204, current loss: -32115.1211
iter: 205, current loss: -61423.7695
iter: 206, current loss: -73198.1719
iter: 207, current loss: -59183.0117
iter: 208, current loss: -53043.4922
iter: 209, current loss: -54068.3438
iter: 210, current loss: -75908.6875
iter: 211, current loss: -103517.9297
iter: 212, current loss: -40849.7578
iter: 213, current loss: -17896.5273
iter: 214, current loss: -171794.2969
iter: 215, current loss: -20011.4512
iter: 216, current loss: -35999.5039
iter: 217, current loss: -52120.6250
iter: 218, current loss: -163394.4062
iter: 219, current loss: -56640.3672
iter: 220, current loss: -62327.8438
iter: 221, current loss: -35207.8945
iter: 222, current loss: -20741.8359
iter: 223, current loss: -73946.5703
iter: 224, current loss: -5773.6543
iter: 225, current loss: -144442.7188
iter: 226, current loss: -7244.0513
iter: 227, current loss: -104313.8750
iter: 228, current loss: -156052.2656
iter: 229, current loss: -22112.8340
iter: 230, current loss: -81498.6406
iter: 231, current loss: -85065.9375
iter: 232, current loss: -91784.1719
iter: 233, current loss: -141664.1719
iter: 234, current loss: -48775.1680
iter: 235, current loss: -104701.5234
iter: 236, current loss: -99662.0938
iter: 237, current loss: -131272.4844
iter: 238, current loss: -46039.6562
iter: 239, current loss: -51515.1758
iter: 240, current loss: -76710.7969
iter: 241, current loss: -49904.0703
iter: 242, current loss: -23738.4629
iter: 243, current loss: -67080.0938
iter: 244, current loss: -25508.8340
iter: 245, current loss: -103310.0000
iter: 246, current loss: -115828.2344
iter: 247, current loss: -45289.4688
iter: 248, current loss: -16433.4180
iter: 249, current loss: -39726.1875
iter: 250, validation loss: -24794.8301, type error: tensor([0.1229])
iter: 250, current loss: -45426.8438
iter: 251, current loss: -199067.9844
iter: 252, current loss: -30583.8574
iter: 253, current loss: -19962.0293
iter: 254, current loss: -119927.3906
iter: 255, current loss: -34492.8086
iter: 256, current loss: -38323.0078
iter: 257, current loss: -123209.1328
iter: 258, current loss: -14674.2979
iter: 259, current loss: -47791.2227
iter: 260, current loss: -94795.7734
iter: 261, current loss: -17285.6445
iter: 262, current loss: -120492.0859
iter: 263, current loss: -78546.3203
iter: 264, current loss: -18169.6953
iter: 265, current loss: -26251.2949
iter: 266, current loss: -131615.9688
iter: 267, current loss: -18090.1816
iter: 268, current loss: -64897.7812
iter: 269, current loss: -51298.6992
iter: 270, current loss: -160240.8750
iter: 271, current loss: -16014.0820
iter: 272, current loss: -76833.4375
iter: 273, current loss: -71083.1250
iter: 274, current loss: -3450.2559
iter: 275, current loss: -85781.2031
iter: 276, current loss: -129080.7266
iter: 277, current loss: -90162.0703
iter: 278, current loss: -185700.4531
iter: 279, current loss: -159325.7344
iter: 280, current loss: -29649.8691
iter: 281, current loss: -73718.0547
iter: 282, current loss: -54567.4531
iter: 283, current loss: -51903.2500
iter: 284, current loss: -44675.2578
iter: 285, current loss: -92930.4219
iter: 286, current loss: -3868.1157
iter: 287, current loss: -62008.4922
iter: 288, current loss: -34198.1406
iter: 289, current loss: -16784.7070
iter: 290, current loss: -143389.6250
iter: 291, current loss: -124977.6094
iter: 292, current loss: -88838.5469
iter: 293, current loss: -165581.4062
iter: 294, current loss: -53978.5977
iter: 295, current loss: -54293.5117
iter: 296, current loss: -74499.6328
iter: 297, current loss: -89649.6094
iter: 298, current loss: -60623.2812
iter: 299, current loss: -33999.8047
iter: 300, validation loss: -25558.5645, type error: tensor([0.1093])
iter: 300, current loss: -66974.4219
iter: 301, current loss: -184994.5469
iter: 302, current loss: -24020.4160
iter: 303, current loss: -132313.3750
iter: 304, current loss: -194192.6406
iter: 305, current loss: -42229.7422
iter: 306, current loss: -14727.9092
iter: 307, current loss: -102685.6797
iter: 308, current loss: -11039.5488
iter: 309, current loss: -51473.7305
iter: 310, current loss: -175135.3594
iter: 311, current loss: -118689.6172
iter: 312, current loss: -135416.5469
iter: 313, current loss: -125787.5938
iter: 314, current loss: -86431.8438
iter: 315, current loss: -16878.4355
iter: 316, current loss: -8736.9727
iter: 317, current loss: -44729.0742
iter: 318, current loss: -117311.5469
iter: 319, current loss: -23851.4023
iter: 320, current loss: -38850.8906
iter: 321, current loss: -131557.6094
iter: 322, current loss: -58993.2031
iter: 323, current loss: -162174.1719
iter: 324, current loss: -103314.6172
iter: 325, current loss: -46345.0781
iter: 326, current loss: -33933.1797
iter: 327, current loss: -83852.3906
iter: 328, current loss: -81630.9375
iter: 329, current loss: -85838.1328
iter: 330, current loss: -67472.3828
iter: 331, current loss: -66193.2812
iter: 332, current loss: -67307.8984
iter: 333, current loss: -22078.0898
iter: 334, current loss: -135894.5156
iter: 335, current loss: -27016.6582
iter: 336, current loss: -94067.3359
iter: 337, current loss: -17615.6719
iter: 338, current loss: -50751.9453
iter: 339, current loss: -40833.0820
iter: 340, current loss: -32444.9746
iter: 341, current loss: -41150.9180
iter: 342, current loss: -58708.0820
iter: 343, current loss: -179720.6406
iter: 344, current loss: -68329.1016
iter: 345, current loss: -185605.1875
iter: 346, current loss: -56539.9258
iter: 347, current loss: -69571.4141
iter: 348, current loss: -26229.5840
iter: 349, current loss: -60474.2578
iter: 350, validation loss: -25780.2656, type error: tensor([0.1268])
iter: 350, current loss: -42787.4609
iter: 351, current loss: -58795.1289
iter: 352, current loss: -145711.0000
iter: 353, current loss: -91523.4766
iter: 354, current loss: -13004.4746
iter: 355, current loss: -22142.4180
iter: 356, current loss: -62851.0664
iter: 357, current loss: -14205.3877
iter: 358, current loss: -31959.1758
iter: 359, current loss: -51869.9766
iter: 360, current loss: -27668.1133
iter: 361, current loss: -36508.1484
iter: 362, current loss: -56282.0938
iter: 363, current loss: -145554.7656
iter: 364, current loss: -51216.2188
iter: 365, current loss: -50869.3828
iter: 366, current loss: -70073.2266
iter: 367, current loss: -73606.2109
iter: 368, current loss: -138696.2188
iter: 369, current loss: -17107.0332
iter: 370, current loss: -69518.7109
iter: 371, current loss: -50936.6016
iter: 372, current loss: -20979.0332
iter: 373, current loss: -57964.0234
iter: 374, current loss: -22139.6016
iter: 375, current loss: -31613.6543
iter: 376, current loss: -152159.5000
iter: 377, current loss: -46757.7461
iter: 378, current loss: -107951.3594
iter: 379, current loss: -12177.6641
iter: 380, current loss: -18129.3496
iter: 381, current loss: -62942.4102
iter: 382, current loss: -36517.9414
iter: 383, current loss: -150852.8125
iter: 384, current loss: -104763.2812
iter: 385, current loss: -49866.6562
iter: 386, current loss: -98291.6875
iter: 387, current loss: -4868.2256
iter: 388, current loss: -59827.3242
iter: 389, current loss: -48869.5664
iter: 390, current loss: -83391.8672
iter: 391, current loss: -215224.0781
iter: 392, current loss: -68966.2734
iter: 393, current loss: -29884.1543
iter: 394, current loss: -7406.9697
iter: 395, current loss: -80113.3125
iter: 396, current loss: -38662.6914
iter: 397, current loss: -57418.6250
iter: 398, current loss: -57346.6758
iter: 399, current loss: -97095.5312
iter: 400, validation loss: -25569.1836, type error: tensor([0.1152])
iter: 400, current loss: -93102.4297
iter: 401, current loss: -41718.7812
iter: 402, current loss: -63110.4414
iter: 403, current loss: -72110.6016
iter: 404, current loss: -36600.6211
iter: 405, current loss: -31976.4219
iter: 406, current loss: -25584.3145
iter: 407, current loss: -56744.6094
iter: 408, current loss: -2263.9622
iter: 409, current loss: -57844.0273
iter: 410, current loss: -77344.1094
iter: 411, current loss: -14781.7412
iter: 412, current loss: -104705.2500
iter: 413, current loss: -144835.8594
iter: 414, current loss: -65475.7539
iter: 415, current loss: -156832.3750
iter: 416, current loss: -65195.2305
iter: 417, current loss: -72000.2422
iter: 418, current loss: -8354.8643
iter: 419, current loss: -35737.0430
iter: 420, current loss: -72600.3594
iter: 421, current loss: -12388.6963
iter: 422, current loss: -139049.2031
iter: 423, current loss: -66216.3750
iter: 424, current loss: -7271.0464
iter: 425, current loss: -3553.4150
iter: 426, current loss: -41356.1133
iter: 427, current loss: -134985.0312
iter: 428, current loss: -39070.5938
iter: 429, current loss: -82121.5625
iter: 430, current loss: -32017.1211
iter: 431, current loss: -98344.4453
iter: 432, current loss: -81143.5859
iter: 433, current loss: -54078.7695
iter: 434, current loss: -129730.9531
iter: 435, current loss: -120755.9688
iter: 436, current loss: -114344.0625
iter: 437, current loss: -143123.2500
iter: 438, current loss: -6498.9150
iter: 439, current loss: -136767.5938
iter: 440, current loss: -47638.9258
iter: 441, current loss: -107000.7109
iter: 442, current loss: -146329.7344
iter: 443, current loss: -207959.6719
iter: 444, current loss: -32339.9180
iter: 445, current loss: -82828.7031
iter: 446, current loss: -140657.1250
iter: 447, current loss: -90444.4609
iter: 448, current loss: -40923.6836
iter: 449, current loss: -61966.2617
iter: 450, validation loss: -26197.8125, type error: tensor([0.1126])
iter: 450, current loss: -61230.9922
iter: 451, current loss: -125607.0312
iter: 452, current loss: -120638.6797
iter: 453, current loss: -104995.3516
iter: 454, current loss: -45473.7891
iter: 455, current loss: -118744.4531
iter: 456, current loss: -1307.5928
iter: 457, current loss: -103694.8906
iter: 458, current loss: -16613.3848
iter: 459, current loss: -50876.2305
iter: 460, current loss: -37150.0273
iter: 461, current loss: -48162.0508
iter: 462, current loss: -123624.7344
iter: 463, current loss: -127306.5547
iter: 464, current loss: -130962.9688
iter: 465, current loss: -134329.2031
iter: 466, current loss: -90120.4141
iter: 467, current loss: -43939.3711
iter: 468, current loss: -50258.4570
iter: 469, current loss: -31887.6230
iter: 470, current loss: -6241.9810
iter: 471, current loss: -99630.1250
iter: 472, current loss: -128042.1328
iter: 473, current loss: -82743.2422
iter: 474, current loss: -48280.2344
iter: 475, current loss: -22954.5527
iter: 476, current loss: -34540.3555
iter: 477, current loss: -19535.0039
iter: 478, current loss: -95005.9688
iter: 479, current loss: -30051.1641
iter: 480, current loss: -5263.4956
iter: 481, current loss: -66698.9844
iter: 482, current loss: -45929.4570
iter: 483, current loss: -39629.6992
iter: 484, current loss: -25611.0020
iter: 485, current loss: -22833.9805
iter: 486, current loss: -206519.0312
iter: 487, current loss: -156763.1875
iter: 488, current loss: -79883.2031
iter: 489, current loss: -23282.1016
iter: 490, current loss: -147368.0781
iter: 491, current loss: -62503.0156
iter: 492, current loss: -13574.6982
iter: 493, current loss: -98281.7734
iter: 494, current loss: -27732.3496
iter: 495, current loss: -62686.8398
iter: 496, current loss: -69585.3672
iter: 497, current loss: -63454.6797
iter: 498, current loss: -73960.3828
iter: 499, current loss: -9193.5244
iter: 500, validation loss: -25963.7988, type error: tensor([0.1220])
iter: 500, current loss: -139771.0000
iter: 501, current loss: -16399.2832
iter: 502, current loss: -71724.6172
iter: 503, current loss: -5717.3008
iter: 504, current loss: -110518.1172
iter: 505, current loss: -14706.2998
iter: 506, current loss: -3607.2573
iter: 507, current loss: -82395.3203
iter: 508, current loss: -7551.5371
iter: 509, current loss: -54261.0898
iter: 510, current loss: -54476.3008
iter: 511, current loss: -14057.9404
iter: 512, current loss: -27611.0020
iter: 513, current loss: -41775.7969
iter: 514, current loss: -131499.0000
iter: 515, current loss: -71715.5859
iter: 516, current loss: -126942.8516
iter: 517, current loss: -136112.2656
iter: 518, current loss: -199031.2500
iter: 519, current loss: -16540.7012
iter: 520, current loss: -91853.8828
iter: 521, current loss: -115744.0391
iter: 522, current loss: -101742.6953
iter: 523, current loss: -163231.1094
iter: 524, current loss: -93658.9844
iter: 525, current loss: -135279.3281
iter: 526, current loss: -60110.8086
iter: 527, current loss: -28622.6289
iter: 528, current loss: -39214.9531
iter: 529, current loss: -128847.9531
iter: 530, current loss: -5281.5815
iter: 531, current loss: -27329.8965
iter: 532, current loss: -4082.9556
iter: 533, current loss: -191530.6719
iter: 534, current loss: -73871.4297
iter: 535, current loss: -109678.1797
iter: 536, current loss: -18129.5215
iter: 537, current loss: -90673.3359
iter: 538, current loss: -179714.3438
iter: 539, current loss: -13454.5859
iter: 540, current loss: -153426.3594
iter: 541, current loss: -110476.4922
iter: 542, current loss: -45748.8867
iter: 543, current loss: -38445.8555
iter: 544, current loss: -32289.4473
iter: 545, current loss: -89187.2812
iter: 546, current loss: -19153.0391
iter: 547, current loss: -113241.9844
iter: 548, current loss: -73439.4688
iter: 549, current loss: -101527.9922
iter: 550, validation loss: -26755.7969, type error: tensor([0.1101])
iter: 550, current loss: -24673.0410
iter: 551, current loss: -117411.9062
